node:internal/modules/cjs/loader:1143
  throw err;
  ^

Error: Cannot find module 'dayjs'
Require stack:
- /home/reactserver55/public_html/latest/setterox-api/controllers/admin-controller.js
- /home/reactserver55/public_html/latest/setterox-api/routes/adminRoutes.js
- /home/reactserver55/public_html/latest/setterox-api/server.js
- /usr/local/lsws/fcgi-bin/lsnode.js
    at Module._resolveFilename (node:internal/modules/cjs/loader:1140:15)
    at Module._load (node:internal/modules/cjs/loader:981:27)
    at Module.require (node:internal/modules/cjs/loader:1231:19)
    at require (node:internal/modules/helpers:177:18)
    at Object.<anonymous> (/home/reactserver55/public_html/latest/setterox-api/controllers/admin-controller.js:2:15)
    at Module._compile (node:internal/modules/cjs/loader:1364:14)
    at Module._extensions..js (node:internal/modules/cjs/loader:1422:10)
    at Module.load (node:internal/modules/cjs/loader:1203:32)
    at Module._load (node:internal/modules/cjs/loader:1019:12)
    at Module.require (node:internal/modules/cjs/loader:1231:19) {
  code: 'MODULE_NOT_FOUND',
  requireStack: [
    '/home/reactserver55/public_html/latest/setterox-api/controllers/admin-controller.js',
    '/home/reactserver55/public_html/latest/setterox-api/routes/adminRoutes.js',
    '/home/reactserver55/public_html/latest/setterox-api/server.js',
    '/usr/local/lsws/fcgi-bin/lsnode.js'
  ]
}

Node.js v18.20.4
node:internal/modules/cjs/loader:1143
  throw err;
  ^

Error: Cannot find module 'dayjs'
Require stack:
- /home/reactserver55/public_html/latest/setterox-api/controllers/admin-controller.js
- /home/reactserver55/public_html/latest/setterox-api/routes/adminRoutes.js
- /home/reactserver55/public_html/latest/setterox-api/server.js
- /usr/local/lsws/fcgi-bin/lsnode.js
    at Module._resolveFilename (node:internal/modules/cjs/loader:1140:15)
    at Module._load (node:internal/modules/cjs/loader:981:27)
    at Module.require (node:internal/modules/cjs/loader:1231:19)
    at require (node:internal/modules/helpers:177:18)
    at Object.<anonymous> (/home/reactserver55/public_html/latest/setterox-api/controllers/admin-controller.js:2:15)
    at Module._compile (node:internal/modules/cjs/loader:1364:14)
    at Module._extensions..js (node:internal/modules/cjs/loader:1422:10)
    at Module.load (node:internal/modules/cjs/loader:1203:32)
    at Module._load (node:internal/modules/cjs/loader:1019:12)
    at Module.require (node:internal/modules/cjs/loader:1231:19) {
  code: 'MODULE_NOT_FOUND',
  requireStack: [
    '/home/reactserver55/public_html/latest/setterox-api/controllers/admin-controller.js',
    '/home/reactserver55/public_html/latest/setterox-api/routes/adminRoutes.js',
    '/home/reactserver55/public_html/latest/setterox-api/server.js',
    '/usr/local/lsws/fcgi-bin/lsnode.js'
  ]
}

Node.js v18.20.4
node:internal/modules/cjs/loader:1143
  throw err;
  ^

Error: Cannot find module 'dayjs'
Require stack:
- /home/reactserver55/public_html/latest/setterox-api/controllers/admin-controller.js
- /home/reactserver55/public_html/latest/setterox-api/routes/adminRoutes.js
- /home/reactserver55/public_html/latest/setterox-api/server.js
- /usr/local/lsws/fcgi-bin/lsnode.js
    at Module._resolveFilename (node:internal/modules/cjs/loader:1140:15)
    at Module._load (node:internal/modules/cjs/loader:981:27)
    at Module.require (node:internal/modules/cjs/loader:1231:19)
    at require (node:internal/modules/helpers:177:18)
    at Object.<anonymous> (/home/reactserver55/public_html/latest/setterox-api/controllers/admin-controller.js:2:15)
    at Module._compile (node:internal/modules/cjs/loader:1364:14)
    at Module._extensions..js (node:internal/modules/cjs/loader:1422:10)
    at Module.load (node:internal/modules/cjs/loader:1203:32)
    at Module._load (node:internal/modules/cjs/loader:1019:12)
    at Module.require (node:internal/modules/cjs/loader:1231:19) {
  code: 'MODULE_NOT_FOUND',
  requireStack: [
    '/home/reactserver55/public_html/latest/setterox-api/controllers/admin-controller.js',
    '/home/reactserver55/public_html/latest/setterox-api/routes/adminRoutes.js',
    '/home/reactserver55/public_html/latest/setterox-api/server.js',
    '/usr/local/lsws/fcgi-bin/lsnode.js'
  ]
}

Node.js v18.20.4
node:internal/modules/cjs/loader:1143
  throw err;
  ^

Error: Cannot find module 'dayjs'
Require stack:
- /home/reactserver55/public_html/latest/setterox-api/controllers/admin-controller.js
- /home/reactserver55/public_html/latest/setterox-api/routes/adminRoutes.js
- /home/reactserver55/public_html/latest/setterox-api/server.js
- /usr/local/lsws/fcgi-bin/lsnode.js
    at Module._resolveFilename (node:internal/modules/cjs/loader:1140:15)
    at Module._load (node:internal/modules/cjs/loader:981:27)
    at Module.require (node:internal/modules/cjs/loader:1231:19)
    at require (node:internal/modules/helpers:177:18)
    at Object.<anonymous> (/home/reactserver55/public_html/latest/setterox-api/controllers/admin-controller.js:2:15)
    at Module._compile (node:internal/modules/cjs/loader:1364:14)
    at Module._extensions..js (node:internal/modules/cjs/loader:1422:10)
    at Module.load (node:internal/modules/cjs/loader:1203:32)
    at Module._load (node:internal/modules/cjs/loader:1019:12)
    at Module.require (node:internal/modules/cjs/loader:1231:19) {
  code: 'MODULE_NOT_FOUND',
  requireStack: [
    '/home/reactserver55/public_html/latest/setterox-api/controllers/admin-controller.js',
    '/home/reactserver55/public_html/latest/setterox-api/routes/adminRoutes.js',
    '/home/reactserver55/public_html/latest/setterox-api/server.js',
    '/usr/local/lsws/fcgi-bin/lsnode.js'
  ]
}

Node.js v18.20.4
node:internal/modules/cjs/loader:1143
  throw err;
  ^

Error: Cannot find module 'dayjs'
Require stack:
- /home/reactserver55/public_html/latest/setterox-api/controllers/admin-controller.js
- /home/reactserver55/public_html/latest/setterox-api/routes/adminRoutes.js
- /home/reactserver55/public_html/latest/setterox-api/server.js
- /usr/local/lsws/fcgi-bin/lsnode.js
    at Module._resolveFilename (node:internal/modules/cjs/loader:1140:15)
    at Module._load (node:internal/modules/cjs/loader:981:27)
    at Module.require (node:internal/modules/cjs/loader:1231:19)
    at require (node:internal/modules/helpers:177:18)
    at Object.<anonymous> (/home/reactserver55/public_html/latest/setterox-api/controllers/admin-controller.js:2:15)
    at Module._compile (node:internal/modules/cjs/loader:1364:14)
    at Module._extensions..js (node:internal/modules/cjs/loader:1422:10)
    at Module.load (node:internal/modules/cjs/loader:1203:32)
    at Module._load (node:internal/modules/cjs/loader:1019:12)
    at Module.require (node:internal/modules/cjs/loader:1231:19) {
  code: 'MODULE_NOT_FOUND',
  requireStack: [
    '/home/reactserver55/public_html/latest/setterox-api/controllers/admin-controller.js',
    '/home/reactserver55/public_html/latest/setterox-api/routes/adminRoutes.js',
    '/home/reactserver55/public_html/latest/setterox-api/server.js',
    '/usr/local/lsws/fcgi-bin/lsnode.js'
  ]
}

Node.js v18.20.4
node:internal/modules/cjs/loader:1143
  throw err;
  ^

Error: Cannot find module 'dayjs'
Require stack:
- /home/reactserver55/public_html/latest/setterox-api/controllers/admin-controller.js
- /home/reactserver55/public_html/latest/setterox-api/routes/adminRoutes.js
- /home/reactserver55/public_html/latest/setterox-api/server.js
- /usr/local/lsws/fcgi-bin/lsnode.js
    at Module._resolveFilename (node:internal/modules/cjs/loader:1140:15)
    at Module._load (node:internal/modules/cjs/loader:981:27)
    at Module.require (node:internal/modules/cjs/loader:1231:19)
    at require (node:internal/modules/helpers:177:18)
    at Object.<anonymous> (/home/reactserver55/public_html/latest/setterox-api/controllers/admin-controller.js:2:15)
    at Module._compile (node:internal/modules/cjs/loader:1364:14)
    at Module._extensions..js (node:internal/modules/cjs/loader:1422:10)
    at Module.load (node:internal/modules/cjs/loader:1203:32)
    at Module._load (node:internal/modules/cjs/loader:1019:12)
    at Module.require (node:internal/modules/cjs/loader:1231:19) {
  code: 'MODULE_NOT_FOUND',
  requireStack: [
    '/home/reactserver55/public_html/latest/setterox-api/controllers/admin-controller.js',
    '/home/reactserver55/public_html/latest/setterox-api/routes/adminRoutes.js',
    '/home/reactserver55/public_html/latest/setterox-api/server.js',
    '/usr/local/lsws/fcgi-bin/lsnode.js'
  ]
}

Node.js v18.20.4
node:internal/modules/cjs/loader:1143
  throw err;
  ^

Error: Cannot find module 'dayjs'
Require stack:
- /home/reactserver55/public_html/latest/setterox-api/controllers/admin-controller.js
- /home/reactserver55/public_html/latest/setterox-api/routes/adminRoutes.js
- /home/reactserver55/public_html/latest/setterox-api/server.js
- /usr/local/lsws/fcgi-bin/lsnode.js
    at Module._resolveFilename (node:internal/modules/cjs/loader:1140:15)
    at Module._load (node:internal/modules/cjs/loader:981:27)
    at Module.require (node:internal/modules/cjs/loader:1231:19)
    at require (node:internal/modules/helpers:177:18)
    at Object.<anonymous> (/home/reactserver55/public_html/latest/setterox-api/controllers/admin-controller.js:2:15)
    at Module._compile (node:internal/modules/cjs/loader:1364:14)
    at Module._extensions..js (node:internal/modules/cjs/loader:1422:10)
    at Module.load (node:internal/modules/cjs/loader:1203:32)
    at Module._load (node:internal/modules/cjs/loader:1019:12)
    at Module.require (node:internal/modules/cjs/loader:1231:19) {
  code: 'MODULE_NOT_FOUND',
  requireStack: [
    '/home/reactserver55/public_html/latest/setterox-api/controllers/admin-controller.js',
    '/home/reactserver55/public_html/latest/setterox-api/routes/adminRoutes.js',
    '/home/reactserver55/public_html/latest/setterox-api/server.js',
    '/usr/local/lsws/fcgi-bin/lsnode.js'
  ]
}

Node.js v18.20.4
node:internal/modules/cjs/loader:1143
  throw err;
  ^

Error: Cannot find module 'dayjs'
Require stack:
- /home/reactserver55/public_html/latest/setterox-api/controllers/admin-controller.js
- /home/reactserver55/public_html/latest/setterox-api/routes/adminRoutes.js
- /home/reactserver55/public_html/latest/setterox-api/server.js
- /usr/local/lsws/fcgi-bin/lsnode.js
    at Module._resolveFilename (node:internal/modules/cjs/loader:1140:15)
    at Module._load (node:internal/modules/cjs/loader:981:27)
    at Module.require (node:internal/modules/cjs/loader:1231:19)
    at require (node:internal/modules/helpers:177:18)
    at Object.<anonymous> (/home/reactserver55/public_html/latest/setterox-api/controllers/admin-controller.js:2:15)
    at Module._compile (node:internal/modules/cjs/loader:1364:14)
    at Module._extensions..js (node:internal/modules/cjs/loader:1422:10)
    at Module.load (node:internal/modules/cjs/loader:1203:32)
    at Module._load (node:internal/modules/cjs/loader:1019:12)
    at Module.require (node:internal/modules/cjs/loader:1231:19) {
  code: 'MODULE_NOT_FOUND',
  requireStack: [
    '/home/reactserver55/public_html/latest/setterox-api/controllers/admin-controller.js',
    '/home/reactserver55/public_html/latest/setterox-api/routes/adminRoutes.js',
    '/home/reactserver55/public_html/latest/setterox-api/server.js',
    '/usr/local/lsws/fcgi-bin/lsnode.js'
  ]
}

Node.js v18.20.4
node:internal/modules/cjs/loader:1143
  throw err;
  ^

Error: Cannot find module 'dayjs'
Require stack:
- /home/reactserver55/public_html/latest/setterox-api/controllers/admin-controller.js
- /home/reactserver55/public_html/latest/setterox-api/routes/adminRoutes.js
- /home/reactserver55/public_html/latest/setterox-api/server.js
- /usr/local/lsws/fcgi-bin/lsnode.js
    at Module._resolveFilename (node:internal/modules/cjs/loader:1140:15)
    at Module._load (node:internal/modules/cjs/loader:981:27)
    at Module.require (node:internal/modules/cjs/loader:1231:19)
    at require (node:internal/modules/helpers:177:18)
    at Object.<anonymous> (/home/reactserver55/public_html/latest/setterox-api/controllers/admin-controller.js:2:15)
    at Module._compile (node:internal/modules/cjs/loader:1364:14)
    at Module._extensions..js (node:internal/modules/cjs/loader:1422:10)
    at Module.load (node:internal/modules/cjs/loader:1203:32)
    at Module._load (node:internal/modules/cjs/loader:1019:12)
    at Module.require (node:internal/modules/cjs/loader:1231:19) {
  code: 'MODULE_NOT_FOUND',
  requireStack: [
    '/home/reactserver55/public_html/latest/setterox-api/controllers/admin-controller.js',
    '/home/reactserver55/public_html/latest/setterox-api/routes/adminRoutes.js',
    '/home/reactserver55/public_html/latest/setterox-api/server.js',
    '/usr/local/lsws/fcgi-bin/lsnode.js'
  ]
}

Node.js v18.20.4
node:internal/modules/cjs/loader:1143
  throw err;
  ^

Error: Cannot find module 'dayjs'
Require stack:
- /home/reactserver55/public_html/latest/setterox-api/controllers/admin-controller.js
- /home/reactserver55/public_html/latest/setterox-api/routes/adminRoutes.js
- /home/reactserver55/public_html/latest/setterox-api/server.js
- /usr/local/lsws/fcgi-bin/lsnode.js
    at Module._resolveFilename (node:internal/modules/cjs/loader:1140:15)
    at Module._load (node:internal/modules/cjs/loader:981:27)
    at Module.require (node:internal/modules/cjs/loader:1231:19)
    at require (node:internal/modules/helpers:177:18)
    at Object.<anonymous> (/home/reactserver55/public_html/latest/setterox-api/controllers/admin-controller.js:2:15)
    at Module._compile (node:internal/modules/cjs/loader:1364:14)
    at Module._extensions..js (node:internal/modules/cjs/loader:1422:10)
    at Module.load (node:internal/modules/cjs/loader:1203:32)
    at Module._load (node:internal/modules/cjs/loader:1019:12)
    at Module.require (node:internal/modules/cjs/loader:1231:19) {
  code: 'MODULE_NOT_FOUND',
  requireStack: [
    '/home/reactserver55/public_html/latest/setterox-api/controllers/admin-controller.js',
    '/home/reactserver55/public_html/latest/setterox-api/routes/adminRoutes.js',
    '/home/reactserver55/public_html/latest/setterox-api/server.js',
    '/usr/local/lsws/fcgi-bin/lsnode.js'
  ]
}

Node.js v18.20.4
node:internal/modules/cjs/loader:1143
  throw err;
  ^

Error: Cannot find module 'dayjs'
Require stack:
- /home/reactserver55/public_html/latest/setterox-api/controllers/admin-controller.js
- /home/reactserver55/public_html/latest/setterox-api/routes/adminRoutes.js
- /home/reactserver55/public_html/latest/setterox-api/server.js
- /usr/local/lsws/fcgi-bin/lsnode.js
    at Module._resolveFilename (node:internal/modules/cjs/loader:1140:15)
    at Module._load (node:internal/modules/cjs/loader:981:27)
    at Module.require (node:internal/modules/cjs/loader:1231:19)
    at require (node:internal/modules/helpers:177:18)
    at Object.<anonymous> (/home/reactserver55/public_html/latest/setterox-api/controllers/admin-controller.js:2:15)
    at Module._compile (node:internal/modules/cjs/loader:1364:14)
    at Module._extensions..js (node:internal/modules/cjs/loader:1422:10)
    at Module.load (node:internal/modules/cjs/loader:1203:32)
    at Module._load (node:internal/modules/cjs/loader:1019:12)
    at Module.require (node:internal/modules/cjs/loader:1231:19) {
  code: 'MODULE_NOT_FOUND',
  requireStack: [
    '/home/reactserver55/public_html/latest/setterox-api/controllers/admin-controller.js',
    '/home/reactserver55/public_html/latest/setterox-api/routes/adminRoutes.js',
    '/home/reactserver55/public_html/latest/setterox-api/server.js',
    '/usr/local/lsws/fcgi-bin/lsnode.js'
  ]
}

Node.js v18.20.4
node:internal/modules/cjs/loader:1143
  throw err;
  ^

Error: Cannot find module 'dayjs'
Require stack:
- /home/reactserver55/public_html/latest/setterox-api/controllers/admin-controller.js
- /home/reactserver55/public_html/latest/setterox-api/routes/adminRoutes.js
- /home/reactserver55/public_html/latest/setterox-api/server.js
- /usr/local/lsws/fcgi-bin/lsnode.js
    at Module._resolveFilename (node:internal/modules/cjs/loader:1140:15)
    at Module._load (node:internal/modules/cjs/loader:981:27)
    at Module.require (node:internal/modules/cjs/loader:1231:19)
    at require (node:internal/modules/helpers:177:18)
    at Object.<anonymous> (/home/reactserver55/public_html/latest/setterox-api/controllers/admin-controller.js:2:15)
    at Module._compile (node:internal/modules/cjs/loader:1364:14)
    at Module._extensions..js (node:internal/modules/cjs/loader:1422:10)
    at Module.load (node:internal/modules/cjs/loader:1203:32)
    at Module._load (node:internal/modules/cjs/loader:1019:12)
    at Module.require (node:internal/modules/cjs/loader:1231:19) {
  code: 'MODULE_NOT_FOUND',
  requireStack: [
    '/home/reactserver55/public_html/latest/setterox-api/controllers/admin-controller.js',
    '/home/reactserver55/public_html/latest/setterox-api/routes/adminRoutes.js',
    '/home/reactserver55/public_html/latest/setterox-api/server.js',
    '/usr/local/lsws/fcgi-bin/lsnode.js'
  ]
}

Node.js v18.20.4
node:internal/modules/cjs/loader:1143
  throw err;
  ^

Error: Cannot find module 'dayjs'
Require stack:
- /home/reactserver55/public_html/latest/setterox-api/controllers/admin-controller.js
- /home/reactserver55/public_html/latest/setterox-api/routes/adminRoutes.js
- /home/reactserver55/public_html/latest/setterox-api/server.js
- /usr/local/lsws/fcgi-bin/lsnode.js
    at Module._resolveFilename (node:internal/modules/cjs/loader:1140:15)
    at Module._load (node:internal/modules/cjs/loader:981:27)
    at Module.require (node:internal/modules/cjs/loader:1231:19)
    at require (node:internal/modules/helpers:177:18)
    at Object.<anonymous> (/home/reactserver55/public_html/latest/setterox-api/controllers/admin-controller.js:2:15)
    at Module._compile (node:internal/modules/cjs/loader:1364:14)
    at Module._extensions..js (node:internal/modules/cjs/loader:1422:10)
    at Module.load (node:internal/modules/cjs/loader:1203:32)
    at Module._load (node:internal/modules/cjs/loader:1019:12)
    at Module.require (node:internal/modules/cjs/loader:1231:19) {
  code: 'MODULE_NOT_FOUND',
  requireStack: [
    '/home/reactserver55/public_html/latest/setterox-api/controllers/admin-controller.js',
    '/home/reactserver55/public_html/latest/setterox-api/routes/adminRoutes.js',
    '/home/reactserver55/public_html/latest/setterox-api/server.js',
    '/usr/local/lsws/fcgi-bin/lsnode.js'
  ]
}

Node.js v18.20.4
node:internal/modules/cjs/loader:1143
  throw err;
  ^

Error: Cannot find module 'dayjs'
Require stack:
- /home/reactserver55/public_html/latest/setterox-api/controllers/admin-controller.js
- /home/reactserver55/public_html/latest/setterox-api/routes/adminRoutes.js
- /home/reactserver55/public_html/latest/setterox-api/server.js
- /usr/local/lsws/fcgi-bin/lsnode.js
    at Module._resolveFilename (node:internal/modules/cjs/loader:1140:15)
    at Module._load (node:internal/modules/cjs/loader:981:27)
    at Module.require (node:internal/modules/cjs/loader:1231:19)
    at require (node:internal/modules/helpers:177:18)
    at Object.<anonymous> (/home/reactserver55/public_html/latest/setterox-api/controllers/admin-controller.js:2:15)
    at Module._compile (node:internal/modules/cjs/loader:1364:14)
    at Module._extensions..js (node:internal/modules/cjs/loader:1422:10)
    at Module.load (node:internal/modules/cjs/loader:1203:32)
    at Module._load (node:internal/modules/cjs/loader:1019:12)
    at Module.require (node:internal/modules/cjs/loader:1231:19) {
  code: 'MODULE_NOT_FOUND',
  requireStack: [
    '/home/reactserver55/public_html/latest/setterox-api/controllers/admin-controller.js',
    '/home/reactserver55/public_html/latest/setterox-api/routes/adminRoutes.js',
    '/home/reactserver55/public_html/latest/setterox-api/server.js',
    '/usr/local/lsws/fcgi-bin/lsnode.js'
  ]
}

Node.js v18.20.4
node:internal/modules/cjs/loader:1143
  throw err;
  ^

Error: Cannot find module 'dayjs'
Require stack:
- /home/reactserver55/public_html/latest/setterox-api/controllers/admin-controller.js
- /home/reactserver55/public_html/latest/setterox-api/routes/adminRoutes.js
- /home/reactserver55/public_html/latest/setterox-api/server.js
- /usr/local/lsws/fcgi-bin/lsnode.js
    at Module._resolveFilename (node:internal/modules/cjs/loader:1140:15)
    at Module._load (node:internal/modules/cjs/loader:981:27)
    at Module.require (node:internal/modules/cjs/loader:1231:19)
    at require (node:internal/modules/helpers:177:18)
    at Object.<anonymous> (/home/reactserver55/public_html/latest/setterox-api/controllers/admin-controller.js:2:15)
    at Module._compile (node:internal/modules/cjs/loader:1364:14)
    at Module._extensions..js (node:internal/modules/cjs/loader:1422:10)
    at Module.load (node:internal/modules/cjs/loader:1203:32)
    at Module._load (node:internal/modules/cjs/loader:1019:12)
    at Module.require (node:internal/modules/cjs/loader:1231:19) {
  code: 'MODULE_NOT_FOUND',
  requireStack: [
    '/home/reactserver55/public_html/latest/setterox-api/controllers/admin-controller.js',
    '/home/reactserver55/public_html/latest/setterox-api/routes/adminRoutes.js',
    '/home/reactserver55/public_html/latest/setterox-api/server.js',
    '/usr/local/lsws/fcgi-bin/lsnode.js'
  ]
}

Node.js v18.20.4
node:internal/modules/cjs/loader:1143
  throw err;
  ^

Error: Cannot find module 'dayjs'
Require stack:
- /home/reactserver55/public_html/latest/setterox-api/controllers/admin-controller.js
- /home/reactserver55/public_html/latest/setterox-api/routes/adminRoutes.js
- /home/reactserver55/public_html/latest/setterox-api/server.js
- /usr/local/lsws/fcgi-bin/lsnode.js
    at Module._resolveFilename (node:internal/modules/cjs/loader:1140:15)
    at Module._load (node:internal/modules/cjs/loader:981:27)
    at Module.require (node:internal/modules/cjs/loader:1231:19)
    at require (node:internal/modules/helpers:177:18)
    at Object.<anonymous> (/home/reactserver55/public_html/latest/setterox-api/controllers/admin-controller.js:2:15)
    at Module._compile (node:internal/modules/cjs/loader:1364:14)
    at Module._extensions..js (node:internal/modules/cjs/loader:1422:10)
    at Module.load (node:internal/modules/cjs/loader:1203:32)
    at Module._load (node:internal/modules/cjs/loader:1019:12)
    at Module.require (node:internal/modules/cjs/loader:1231:19) {
  code: 'MODULE_NOT_FOUND',
  requireStack: [
    '/home/reactserver55/public_html/latest/setterox-api/controllers/admin-controller.js',
    '/home/reactserver55/public_html/latest/setterox-api/routes/adminRoutes.js',
    '/home/reactserver55/public_html/latest/setterox-api/server.js',
    '/usr/local/lsws/fcgi-bin/lsnode.js'
  ]
}

Node.js v18.20.4
node:internal/modules/cjs/loader:1143
  throw err;
  ^

Error: Cannot find module 'dayjs'
Require stack:
- /home/reactserver55/public_html/latest/setterox-api/controllers/admin-controller.js
- /home/reactserver55/public_html/latest/setterox-api/routes/adminRoutes.js
- /home/reactserver55/public_html/latest/setterox-api/server.js
- /usr/local/lsws/fcgi-bin/lsnode.js
    at Module._resolveFilename (node:internal/modules/cjs/loader:1140:15)
    at Module._load (node:internal/modules/cjs/loader:981:27)
    at Module.require (node:internal/modules/cjs/loader:1231:19)
    at require (node:internal/modules/helpers:177:18)
    at Object.<anonymous> (/home/reactserver55/public_html/latest/setterox-api/controllers/admin-controller.js:2:15)
    at Module._compile (node:internal/modules/cjs/loader:1364:14)
    at Module._extensions..js (node:internal/modules/cjs/loader:1422:10)
    at Module.load (node:internal/modules/cjs/loader:1203:32)
    at Module._load (node:internal/modules/cjs/loader:1019:12)
    at Module.require (node:internal/modules/cjs/loader:1231:19) {
  code: 'MODULE_NOT_FOUND',
  requireStack: [
    '/home/reactserver55/public_html/latest/setterox-api/controllers/admin-controller.js',
    '/home/reactserver55/public_html/latest/setterox-api/routes/adminRoutes.js',
    '/home/reactserver55/public_html/latest/setterox-api/server.js',
    '/usr/local/lsws/fcgi-bin/lsnode.js'
  ]
}

Node.js v18.20.4
node:internal/modules/cjs/loader:1143
  throw err;
  ^

Error: Cannot find module 'dayjs'
Require stack:
- /home/reactserver55/public_html/latest/setterox-api/controllers/admin-controller.js
- /home/reactserver55/public_html/latest/setterox-api/routes/adminRoutes.js
- /home/reactserver55/public_html/latest/setterox-api/server.js
- /usr/local/lsws/fcgi-bin/lsnode.js
    at Module._resolveFilename (node:internal/modules/cjs/loader:1140:15)
    at Module._load (node:internal/modules/cjs/loader:981:27)
    at Module.require (node:internal/modules/cjs/loader:1231:19)
    at require (node:internal/modules/helpers:177:18)
    at Object.<anonymous> (/home/reactserver55/public_html/latest/setterox-api/controllers/admin-controller.js:2:15)
    at Module._compile (node:internal/modules/cjs/loader:1364:14)
    at Module._extensions..js (node:internal/modules/cjs/loader:1422:10)
    at Module.load (node:internal/modules/cjs/loader:1203:32)
    at Module._load (node:internal/modules/cjs/loader:1019:12)
    at Module.require (node:internal/modules/cjs/loader:1231:19) {
  code: 'MODULE_NOT_FOUND',
  requireStack: [
    '/home/reactserver55/public_html/latest/setterox-api/controllers/admin-controller.js',
    '/home/reactserver55/public_html/latest/setterox-api/routes/adminRoutes.js',
    '/home/reactserver55/public_html/latest/setterox-api/server.js',
    '/usr/local/lsws/fcgi-bin/lsnode.js'
  ]
}

Node.js v18.20.4
node:internal/modules/cjs/loader:1143
  throw err;
  ^

Error: Cannot find module 'dayjs'
Require stack:
- /home/reactserver55/public_html/latest/setterox-api/controllers/admin-controller.js
- /home/reactserver55/public_html/latest/setterox-api/routes/adminRoutes.js
- /home/reactserver55/public_html/latest/setterox-api/server.js
- /usr/local/lsws/fcgi-bin/lsnode.js
    at Module._resolveFilename (node:internal/modules/cjs/loader:1140:15)
    at Module._load (node:internal/modules/cjs/loader:981:27)
    at Module.require (node:internal/modules/cjs/loader:1231:19)
    at require (node:internal/modules/helpers:177:18)
    at Object.<anonymous> (/home/reactserver55/public_html/latest/setterox-api/controllers/admin-controller.js:2:15)
    at Module._compile (node:internal/modules/cjs/loader:1364:14)
    at Module._extensions..js (node:internal/modules/cjs/loader:1422:10)
    at Module.load (node:internal/modules/cjs/loader:1203:32)
    at Module._load (node:internal/modules/cjs/loader:1019:12)
    at Module.require (node:internal/modules/cjs/loader:1231:19) {
  code: 'MODULE_NOT_FOUND',
  requireStack: [
    '/home/reactserver55/public_html/latest/setterox-api/controllers/admin-controller.js',
    '/home/reactserver55/public_html/latest/setterox-api/routes/adminRoutes.js',
    '/home/reactserver55/public_html/latest/setterox-api/server.js',
    '/usr/local/lsws/fcgi-bin/lsnode.js'
  ]
}

Node.js v18.20.4
node:internal/modules/cjs/loader:1143
  throw err;
  ^

Error: Cannot find module 'dayjs'
Require stack:
- /home/reactserver55/public_html/latest/setterox-api/controllers/admin-controller.js
- /home/reactserver55/public_html/latest/setterox-api/routes/adminRoutes.js
- /home/reactserver55/public_html/latest/setterox-api/server.js
- /usr/local/lsws/fcgi-bin/lsnode.js
    at Module._resolveFilename (node:internal/modules/cjs/loader:1140:15)
    at Module._load (node:internal/modules/cjs/loader:981:27)
    at Module.require (node:internal/modules/cjs/loader:1231:19)
    at require (node:internal/modules/helpers:177:18)
    at Object.<anonymous> (/home/reactserver55/public_html/latest/setterox-api/controllers/admin-controller.js:2:15)
    at Module._compile (node:internal/modules/cjs/loader:1364:14)
    at Module._extensions..js (node:internal/modules/cjs/loader:1422:10)
    at Module.load (node:internal/modules/cjs/loader:1203:32)
    at Module._load (node:internal/modules/cjs/loader:1019:12)
    at Module.require (node:internal/modules/cjs/loader:1231:19) {
  code: 'MODULE_NOT_FOUND',
  requireStack: [
    '/home/reactserver55/public_html/latest/setterox-api/controllers/admin-controller.js',
    '/home/reactserver55/public_html/latest/setterox-api/routes/adminRoutes.js',
    '/home/reactserver55/public_html/latest/setterox-api/server.js',
    '/usr/local/lsws/fcgi-bin/lsnode.js'
  ]
}

Node.js v18.20.4
node:internal/modules/cjs/loader:1143
  throw err;
  ^

Error: Cannot find module 'dayjs'
Require stack:
- /home/reactserver55/public_html/latest/setterox-api/controllers/admin-controller.js
- /home/reactserver55/public_html/latest/setterox-api/routes/adminRoutes.js
- /home/reactserver55/public_html/latest/setterox-api/server.js
- /usr/local/lsws/fcgi-bin/lsnode.js
    at Module._resolveFilename (node:internal/modules/cjs/loader:1140:15)
    at Module._load (node:internal/modules/cjs/loader:981:27)
    at Module.require (node:internal/modules/cjs/loader:1231:19)
    at require (node:internal/modules/helpers:177:18)
    at Object.<anonymous> (/home/reactserver55/public_html/latest/setterox-api/controllers/admin-controller.js:2:15)
    at Module._compile (node:internal/modules/cjs/loader:1364:14)
    at Module._extensions..js (node:internal/modules/cjs/loader:1422:10)
    at Module.load (node:internal/modules/cjs/loader:1203:32)
    at Module._load (node:internal/modules/cjs/loader:1019:12)
    at Module.require (node:internal/modules/cjs/loader:1231:19) {
  code: 'MODULE_NOT_FOUND',
  requireStack: [
    '/home/reactserver55/public_html/latest/setterox-api/controllers/admin-controller.js',
    '/home/reactserver55/public_html/latest/setterox-api/routes/adminRoutes.js',
    '/home/reactserver55/public_html/latest/setterox-api/server.js',
    '/usr/local/lsws/fcgi-bin/lsnode.js'
  ]
}

Node.js v18.20.4
node:internal/modules/cjs/loader:1143
  throw err;
  ^

Error: Cannot find module 'dayjs'
Require stack:
- /home/reactserver55/public_html/latest/setterox-api/controllers/admin-controller.js
- /home/reactserver55/public_html/latest/setterox-api/routes/adminRoutes.js
- /home/reactserver55/public_html/latest/setterox-api/server.js
- /usr/local/lsws/fcgi-bin/lsnode.js
    at Module._resolveFilename (node:internal/modules/cjs/loader:1140:15)
    at Module._load (node:internal/modules/cjs/loader:981:27)
    at Module.require (node:internal/modules/cjs/loader:1231:19)
    at require (node:internal/modules/helpers:177:18)
    at Object.<anonymous> (/home/reactserver55/public_html/latest/setterox-api/controllers/admin-controller.js:2:15)
    at Module._compile (node:internal/modules/cjs/loader:1364:14)
    at Module._extensions..js (node:internal/modules/cjs/loader:1422:10)
    at Module.load (node:internal/modules/cjs/loader:1203:32)
    at Module._load (node:internal/modules/cjs/loader:1019:12)
    at Module.require (node:internal/modules/cjs/loader:1231:19) {
  code: 'MODULE_NOT_FOUND',
  requireStack: [
    '/home/reactserver55/public_html/latest/setterox-api/controllers/admin-controller.js',
    '/home/reactserver55/public_html/latest/setterox-api/routes/adminRoutes.js',
    '/home/reactserver55/public_html/latest/setterox-api/server.js',
    '/usr/local/lsws/fcgi-bin/lsnode.js'
  ]
}

Node.js v18.20.4
node:internal/modules/cjs/loader:1143
  throw err;
  ^

Error: Cannot find module 'dayjs'
Require stack:
- /home/reactserver55/public_html/latest/setterox-api/controllers/admin-controller.js
- /home/reactserver55/public_html/latest/setterox-api/routes/adminRoutes.js
- /home/reactserver55/public_html/latest/setterox-api/server.js
- /usr/local/lsws/fcgi-bin/lsnode.js
    at Module._resolveFilename (node:internal/modules/cjs/loader:1140:15)
    at Module._load (node:internal/modules/cjs/loader:981:27)
    at Module.require (node:internal/modules/cjs/loader:1231:19)
    at require (node:internal/modules/helpers:177:18)
    at Object.<anonymous> (/home/reactserver55/public_html/latest/setterox-api/controllers/admin-controller.js:2:15)
    at Module._compile (node:internal/modules/cjs/loader:1364:14)
    at Module._extensions..js (node:internal/modules/cjs/loader:1422:10)
    at Module.load (node:internal/modules/cjs/loader:1203:32)
    at Module._load (node:internal/modules/cjs/loader:1019:12)
    at Module.require (node:internal/modules/cjs/loader:1231:19) {
  code: 'MODULE_NOT_FOUND',
  requireStack: [
    '/home/reactserver55/public_html/latest/setterox-api/controllers/admin-controller.js',
    '/home/reactserver55/public_html/latest/setterox-api/routes/adminRoutes.js',
    '/home/reactserver55/public_html/latest/setterox-api/server.js',
    '/usr/local/lsws/fcgi-bin/lsnode.js'
  ]
}

Node.js v18.20.4
node:internal/modules/cjs/loader:1143
  throw err;
  ^

Error: Cannot find module 'dayjs'
Require stack:
- /home/reactserver55/public_html/latest/setterox-api/controllers/admin-controller.js
- /home/reactserver55/public_html/latest/setterox-api/routes/adminRoutes.js
- /home/reactserver55/public_html/latest/setterox-api/server.js
- /usr/local/lsws/fcgi-bin/lsnode.js
    at Module._resolveFilename (node:internal/modules/cjs/loader:1140:15)
    at Module._load (node:internal/modules/cjs/loader:981:27)
    at Module.require (node:internal/modules/cjs/loader:1231:19)
    at require (node:internal/modules/helpers:177:18)
    at Object.<anonymous> (/home/reactserver55/public_html/latest/setterox-api/controllers/admin-controller.js:2:15)
    at Module._compile (node:internal/modules/cjs/loader:1364:14)
    at Module._extensions..js (node:internal/modules/cjs/loader:1422:10)
    at Module.load (node:internal/modules/cjs/loader:1203:32)
    at Module._load (node:internal/modules/cjs/loader:1019:12)
    at Module.require (node:internal/modules/cjs/loader:1231:19) {
  code: 'MODULE_NOT_FOUND',
  requireStack: [
    '/home/reactserver55/public_html/latest/setterox-api/controllers/admin-controller.js',
    '/home/reactserver55/public_html/latest/setterox-api/routes/adminRoutes.js',
    '/home/reactserver55/public_html/latest/setterox-api/server.js',
    '/usr/local/lsws/fcgi-bin/lsnode.js'
  ]
}

Node.js v18.20.4
node:internal/modules/cjs/loader:1143
  throw err;
  ^

Error: Cannot find module 'dayjs'
Require stack:
- /home/reactserver55/public_html/latest/setterox-api/controllers/admin-controller.js
- /home/reactserver55/public_html/latest/setterox-api/routes/adminRoutes.js
- /home/reactserver55/public_html/latest/setterox-api/server.js
- /usr/local/lsws/fcgi-bin/lsnode.js
    at Module._resolveFilename (node:internal/modules/cjs/loader:1140:15)
    at Module._load (node:internal/modules/cjs/loader:981:27)
    at Module.require (node:internal/modules/cjs/loader:1231:19)
    at require (node:internal/modules/helpers:177:18)
    at Object.<anonymous> (/home/reactserver55/public_html/latest/setterox-api/controllers/admin-controller.js:2:15)
    at Module._compile (node:internal/modules/cjs/loader:1364:14)
    at Module._extensions..js (node:internal/modules/cjs/loader:1422:10)
    at Module.load (node:internal/modules/cjs/loader:1203:32)
    at Module._load (node:internal/modules/cjs/loader:1019:12)
    at Module.require (node:internal/modules/cjs/loader:1231:19) {
  code: 'MODULE_NOT_FOUND',
  requireStack: [
    '/home/reactserver55/public_html/latest/setterox-api/controllers/admin-controller.js',
    '/home/reactserver55/public_html/latest/setterox-api/routes/adminRoutes.js',
    '/home/reactserver55/public_html/latest/setterox-api/server.js',
    '/usr/local/lsws/fcgi-bin/lsnode.js'
  ]
}

Node.js v18.20.4
/home/reactserver55/nodevenv/public_html/latest/setterox-api/18/lib/node_modules/express/lib/router/route.js:216
        throw new Error(msg);
        ^

Error: Route.post() requires a callback function but got a [object Undefined]
    at Route.<computed> [as post] (/home/reactserver55/nodevenv/public_html/latest/setterox-api/18/lib/node_modules/express/lib/router/route.js:216:15)
    at proto.<computed> [as post] (/home/reactserver55/nodevenv/public_html/latest/setterox-api/18/lib/node_modules/express/lib/router/index.js:521:19)
    at Object.<anonymous> (/home/reactserver55/public_html/latest/setterox-api/routes/brand-routes.js:20:8)
    at Module._compile (node:internal/modules/cjs/loader:1364:14)
    at Module._extensions..js (node:internal/modules/cjs/loader:1422:10)
    at Module.load (node:internal/modules/cjs/loader:1203:32)
    at Module._load (node:internal/modules/cjs/loader:1019:12)
    at Module.require (node:internal/modules/cjs/loader:1231:19)
    at require (node:internal/modules/helpers:177:18)
    at Object.<anonymous> (/home/reactserver55/public_html/latest/setterox-api/server.js:22:21)

Node.js v18.20.4
/home/reactserver55/nodevenv/public_html/latest/setterox-api/18/lib/node_modules/express/lib/router/route.js:216
        throw new Error(msg);
        ^

Error: Route.post() requires a callback function but got a [object Undefined]
    at Route.<computed> [as post] (/home/reactserver55/nodevenv/public_html/latest/setterox-api/18/lib/node_modules/express/lib/router/route.js:216:15)
    at proto.<computed> [as post] (/home/reactserver55/nodevenv/public_html/latest/setterox-api/18/lib/node_modules/express/lib/router/index.js:521:19)
    at Object.<anonymous> (/home/reactserver55/public_html/latest/setterox-api/routes/brand-routes.js:20:8)
    at Module._compile (node:internal/modules/cjs/loader:1364:14)
    at Module._extensions..js (node:internal/modules/cjs/loader:1422:10)
    at Module.load (node:internal/modules/cjs/loader:1203:32)
    at Module._load (node:internal/modules/cjs/loader:1019:12)
    at Module.require (node:internal/modules/cjs/loader:1231:19)
    at require (node:internal/modules/helpers:177:18)
    at Object.<anonymous> (/home/reactserver55/public_html/latest/setterox-api/server.js:22:21)

Node.js v18.20.4
/home/reactserver55/nodevenv/public_html/latest/setterox-api/18/lib/node_modules/express/lib/router/route.js:216
        throw new Error(msg);
        ^

Error: Route.post() requires a callback function but got a [object Undefined]
    at Route.<computed> [as post] (/home/reactserver55/nodevenv/public_html/latest/setterox-api/18/lib/node_modules/express/lib/router/route.js:216:15)
    at proto.<computed> [as post] (/home/reactserver55/nodevenv/public_html/latest/setterox-api/18/lib/node_modules/express/lib/router/index.js:521:19)
    at Object.<anonymous> (/home/reactserver55/public_html/latest/setterox-api/routes/brand-routes.js:20:8)
    at Module._compile (node:internal/modules/cjs/loader:1364:14)
    at Module._extensions..js (node:internal/modules/cjs/loader:1422:10)
    at Module.load (node:internal/modules/cjs/loader:1203:32)
    at Module._load (node:internal/modules/cjs/loader:1019:12)
    at Module.require (node:internal/modules/cjs/loader:1231:19)
    at require (node:internal/modules/helpers:177:18)
    at Object.<anonymous> (/home/reactserver55/public_html/latest/setterox-api/server.js:22:21)

Node.js v18.20.4
/home/reactserver55/nodevenv/public_html/latest/setterox-api/18/lib/node_modules/express/lib/router/route.js:216
        throw new Error(msg);
        ^

Error: Route.post() requires a callback function but got a [object Undefined]
    at Route.<computed> [as post] (/home/reactserver55/nodevenv/public_html/latest/setterox-api/18/lib/node_modules/express/lib/router/route.js:216:15)
    at proto.<computed> [as post] (/home/reactserver55/nodevenv/public_html/latest/setterox-api/18/lib/node_modules/express/lib/router/index.js:521:19)
    at Object.<anonymous> (/home/reactserver55/public_html/latest/setterox-api/routes/brand-routes.js:20:8)
    at Module._compile (node:internal/modules/cjs/loader:1364:14)
    at Module._extensions..js (node:internal/modules/cjs/loader:1422:10)
    at Module.load (node:internal/modules/cjs/loader:1203:32)
    at Module._load (node:internal/modules/cjs/loader:1019:12)
    at Module.require (node:internal/modules/cjs/loader:1231:19)
    at require (node:internal/modules/helpers:177:18)
    at Object.<anonymous> (/home/reactserver55/public_html/latest/setterox-api/server.js:22:21)

Node.js v18.20.4
/home/reactserver55/nodevenv/public_html/latest/setterox-api/18/lib/node_modules/express/lib/router/route.js:216
        throw new Error(msg);
        ^

Error: Route.post() requires a callback function but got a [object Undefined]
    at Route.<computed> [as post] (/home/reactserver55/nodevenv/public_html/latest/setterox-api/18/lib/node_modules/express/lib/router/route.js:216:15)
    at proto.<computed> [as post] (/home/reactserver55/nodevenv/public_html/latest/setterox-api/18/lib/node_modules/express/lib/router/index.js:521:19)
    at Object.<anonymous> (/home/reactserver55/public_html/latest/setterox-api/routes/brand-routes.js:20:8)
    at Module._compile (node:internal/modules/cjs/loader:1364:14)
    at Module._extensions..js (node:internal/modules/cjs/loader:1422:10)
    at Module.load (node:internal/modules/cjs/loader:1203:32)
    at Module._load (node:internal/modules/cjs/loader:1019:12)
    at Module.require (node:internal/modules/cjs/loader:1231:19)
    at require (node:internal/modules/helpers:177:18)
    at Object.<anonymous> (/home/reactserver55/public_html/latest/setterox-api/server.js:22:21)

Node.js v18.20.4
